<?xml version="1.0" encoding="UTF-8"?>
<!-- Generated by org.testng.reporters.JUnitReportReporter -->
<testsuite skipped="0" hostname="DESKTOP-VUGSIJV" name="test.LoginTest" tests="1" failures="0" timestamp="11 Feb 2020 13:15:57 GMT" time="6.020" errors="0">
  <testcase name="loginTest" time="6.020" classname="test.LoginTest"/>
</testsuite> <!-- test.LoginTest -->
